0 info it worked if it ends with ok
1 verbose cli [
1 verbose cli   'C:\\Program Files\\nodejs\\node.exe',
1 verbose cli   'C:\\Program Files\\nodejs\\node_modules\\npm\\bin\\npm-cli.js',
1 verbose cli   'run',
1 verbose cli   'test',
1 verbose cli   '--',
1 verbose cli   '--watch'
1 verbose cli ]
2 info using npm@6.14.13
3 info using node@v14.17.0
4 verbose run-script [ 'pretest', 'test', 'posttest' ]
5 info lifecycle separations@1.0.0~pretest: separations@1.0.0
6 info lifecycle separations@1.0.0~test: separations@1.0.0
7 verbose lifecycle separations@1.0.0~test: unsafe-perm in lifecycle true
8 verbose lifecycle separations@1.0.0~test: PATH: C:\Program Files\nodejs\node_modules\npm\node_modules\npm-lifecycle\node-gyp-bin;C:\Users\Sharp Eleven\Documents\Alchemy\Labs\career-track\postgreSQL-models\node_modules\.bin;C:\Program Files\nodejs\node_modules\npm\node_modules\npm-lifecycle\node-gyp-bin;C:\Users\Sharp Eleven\Documents\Alchemy\Labs\career-track\postgreSQL-models\node_modules\.bin;C:\Users\Sharp Eleven\bin;C:\Program Files\Git\mingw64\bin;C:\Program Files\Git\usr\local\bin;C:\Program Files\Git\usr\bin;C:\Program Files\Git\usr\bin;C:\Program Files\Git\mingw64\bin;C:\Program Files\Git\usr\bin;C:\Users\Sharp Eleven\bin;C:\Windows\system32;C:\Windows;C:\Windows\System32\Wbem;C:\Windows\System32\WindowsPowerShell\v1.0;C:\Windows\System32\OpenSSH;C:\Program Files (x86)\NVIDIA Corporation\PhysX\Common;C:\Program Files\dotnet;C:\Program Files\Git\cmd;%NVM_HOME%;%NVM_SYMLINK%;C:\Program Files\nodejs;C:\Users\Sharp Eleven\AppData\Local\Microsoft\WindowsApps;C:\Users\Sharp Eleven\AppData\Local\Programs\Microsoft VS Code\bin;C:\Users\Sharp Eleven\.dotnet\tools;C:\Exercism;C:\Program Files\heroku\bin;C:\Users\Sharp Eleven\AppData\Roaming\nvm;C:\Program Files\nodejs;C:\Users\Sharp Eleven\AppData\Roaming\npm;C:\Program Files\Git\usr\bin\vendor_perl;C:\Program Files\Git\usr\bin\core_perl
9 verbose lifecycle separations@1.0.0~test: CWD: C:\Users\Sharp Eleven\Documents\Alchemy\Labs\career-track\postgreSQL-models
10 silly lifecycle separations@1.0.0~test: Args: [
10 silly lifecycle   '/d /s /c',
10 silly lifecycle   'NODE_OPTIONS=--experimental-vm-modules jest --verbose --runInBand --testLocationInResults "--watch"'
10 silly lifecycle ]
11 silly lifecycle separations@1.0.0~test: Returned: code: 1  signal: null
12 info lifecycle separations@1.0.0~test: Failed to exec test script
13 verbose stack Error: separations@1.0.0 test: `NODE_OPTIONS=--experimental-vm-modules jest --verbose --runInBand --testLocationInResults "--watch"`
13 verbose stack Exit status 1
13 verbose stack     at EventEmitter.<anonymous> (C:\Program Files\nodejs\node_modules\npm\node_modules\npm-lifecycle\index.js:332:16)
13 verbose stack     at EventEmitter.emit (events.js:376:20)
13 verbose stack     at ChildProcess.<anonymous> (C:\Program Files\nodejs\node_modules\npm\node_modules\npm-lifecycle\lib\spawn.js:55:14)
13 verbose stack     at ChildProcess.emit (events.js:376:20)
13 verbose stack     at maybeClose (internal/child_process.js:1055:16)
13 verbose stack     at Process.ChildProcess._handle.onexit (internal/child_process.js:288:5)
14 verbose pkgid separations@1.0.0
15 verbose cwd C:\Users\Sharp Eleven\Documents\Alchemy\Labs\career-track\postgreSQL-models
16 verbose Windows_NT 10.0.19042
17 verbose argv "C:\\Program Files\\nodejs\\node.exe" "C:\\Program Files\\nodejs\\node_modules\\npm\\bin\\npm-cli.js" "run" "test" "--" "--watch"
18 verbose node v14.17.0
19 verbose npm  v6.14.13
20 error code ELIFECYCLE
21 error errno 1
22 error separations@1.0.0 test: `NODE_OPTIONS=--experimental-vm-modules jest --verbose --runInBand --testLocationInResults "--watch"`
22 error Exit status 1
23 error Failed at the separations@1.0.0 test script.
23 error This is probably not a problem with npm. There is likely additional logging output above.
24 verbose exit [ 1, true ]
